<?xml version="1.0" encoding="UTF-8"?>
<!-- Generated by org.testng.reporters.JUnitReportReporter -->
<testsuite hostname="LAPTOP-GE0MH9LO" failures="0" tests="1" name="com.whitecircleschool.demo.GoodToGo.AddressesTest" time="7.241" errors="0" timestamp="30 Jan 2019 02:03:19 GMT" skipped="0">
  <testcase classname="com.whitecircleschool.demo.GoodToGo.AddressesTest" name="countriesNamesValidate" time="7.241"/>
</testsuite> <!-- com.whitecircleschool.demo.GoodToGo.AddressesTest -->
